<?xml version="1.0" encoding="UTF-8"?>
<!-- Generated by org.testng.reporters.JUnitReportReporter -->
<testsuite hostname="IHOD31078" name="Syn.SynechronId.HomeBaseTestPage" tests="1" failures="0" timestamp="8 Jan 2018 09:15:41 GMT" time="0.000" errors="0">
  <testcase name="test" time="0.000" classname="Syn.SynechronId.HomeBaseTestPage"/>
</testsuite> <!-- Syn.SynechronId.HomeBaseTestPage -->
