<?xml version="1.0" encoding="UTF-8"?>
<!-- Generated by org.testng.reporters.JUnitReportReporter -->
<testsuite hostname="Lenovo-PC" name="Development.Iwish_Account" tests="1" failures="0" timestamp="24 Dec 2017 11:59:34 GMT" time="282.567" errors="0">
  <testcase name="Tc_1" time="282.567" classname="Development.Iwish_Account"/>
</testsuite> <!-- Development.Iwish_Account -->
